<?xml version="1.0" encoding="UTF-8"?>
<testng-results ignored="0" total="1" passed="1" failed="0" skipped="0">
  <reporter-output>
  </reporter-output>
  <suite started-at="2025-11-25T01:45:14 WIB" name="Surefire suite" finished-at="2025-11-25T01:45:17 WIB" duration-ms="3133">
    <groups>
      <group name="cucumber">
        <method signature="AbstractTestNGCucumberTests.runScenario(io.cucumber.testng.PickleWrapper,io.cucumber.testng.FeatureWrapper)[pri:0, instance:goRestProject.runners.TestRunner@419c5f1a]" name="runScenario" class="io.cucumber.testng.AbstractTestNGCucumberTests"/>
      </group> <!-- cucumber -->
    </groups>
    <test started-at="2025-11-25T01:45:14 WIB" name="Surefire test" finished-at="2025-11-25T01:45:17 WIB" duration-ms="3133">
      <class name="goRestProject.runners.TestRunner">
        <test-method is-config="true" signature="setUpClass(org.testng.ITestContext)[pri:0, instance:goRestProject.runners.TestRunner@419c5f1a]" started-at="2025-11-25T01:45:14 WIB" name="setUpClass" finished-at="2025-11-25T01:45:15 WIB" duration-ms="487" status="PASS">
          <params>
            <param index="0">
              <value>
                <![CDATA[org.testng.TestRunner@305552d6]]>
              </value>
            </param>
          </params>
          <reporter-output>
          </reporter-output>
        </test-method> <!-- setUpClass -->
        <test-method signature="runScenario(io.cucumber.testng.PickleWrapper,io.cucumber.testng.FeatureWrapper)[pri:0, instance:goRestProject.runners.TestRunner@419c5f1a]" started-at="2025-11-25T01:45:15 WIB" name="runScenario" description="Runs Cucumber Scenarios" data-provider="scenarios" finished-at="2025-11-25T01:45:17 WIB" duration-ms="2586" status="PASS">
          <params>
            <param index="0">
              <value>
                <![CDATA["create a new user successfully"]]>
              </value>
            </param>
            <param index="1">
              <value>
                <![CDATA["Create user"]]>
              </value>
            </param>
          </params>
          <reporter-output>
          </reporter-output>
        </test-method> <!-- runScenario -->
        <test-method is-config="true" signature="tearDownClass()[pri:0, instance:goRestProject.runners.TestRunner@419c5f1a]" started-at="2025-11-25T01:45:17 WIB" name="tearDownClass" finished-at="2025-11-25T01:45:17 WIB" duration-ms="18" status="PASS">
          <reporter-output>
          </reporter-output>
        </test-method> <!-- tearDownClass -->
      </class> <!-- goRestProject.runners.TestRunner -->
    </test> <!-- Surefire test -->
  </suite> <!-- Surefire suite -->
</testng-results>
