<?xml version="1.0" encoding="UTF-8"?>
<testsuite xmlns:xsi="http://www.w3.org/2001/XMLSchema-instance" xsi:noNamespaceSchemaLocation="https://maven.apache.org/surefire/maven-surefire-plugin/xsd/surefire-test-report-3.0.xsd" version="3.0" name="goRestProject.runners.TestRunner" time="3.513" tests="1" errors="0" skipped="0" failures="0">
  <properties>
[...]
</properties>
  <testcase name="runScenario[&quot;create a new user successfully&quot;, &quot;Create user&quot;](1)" classname="goRestProject.runners.TestRunner" time="2.586">
    <system-out><![CDATA[
Scenario: create a new user successfully                         # src/test/java/goRestProject/feature/create_user.feature:3
  ✔ Given I prepare a valid user payload                         # goRestProject.stepDefinition.CreateUserSteps.i_prepare_a_valid_user_payload()
  ✔ When I call create user API                                  # goRestProject.stepDefinition.CreateUserSteps.i_call_create_user_api()
  ✔ Then the response status should be 201                       # goRestProject.stepDefinition.CreateUserSteps.the_response_status_should_be(java.lang.Integer)
  ✔ And the response time should be less than configured timeout # goRestProject.stepDefinition.CreateUserSteps.the_response_time_should_be_less_than_configured_timeout()
  ✔ And the response body should contain name "rifkaM"           # goRestProject.stepDefinition.CreateUserSteps.the_response_body_should_contain_name(java.lang.String)
]]></system-out>
    <system-err><![CDATA[SLF4J: Failed to load class "org.slf4j.impl.StaticLoggerBinder".
SLF4J: Defaulting to no-operation (NOP) logger implementation
SLF4J: See http://www.slf4j.org/codes.html#StaticLoggerBinder for further details.
]]></system-err>
  </testcase>
</testsuite>